C51 COMPILER V9.01   3                                                                     09/18/2018 17:08:06 PAGE 1   


C51 COMPILER V9.01, COMPILATION OF MODULE 3
OBJECT MODULE PLACED IN 3.OBJ
COMPILER INVOKED BY: D:\keil4\C51\BIN\C51.EXE 3.c BROWSE INCDIR(..\programe) DEBUG OBJECTEXTEND

line level    source

   1          #include "reg52.h"      
   2          #include "lcd.h"
   3          
   4          
   5          unsigned char Disp[]=" Pechin Science ";
   6          void main()
   7          {   
   8   1              Init();
   9   1              //Delay(1000);
  10   1              //Write_Data(2);
  11   1              
  12   1              Write_String(0x80,"Kuangweijie");
  13   1              Write_String(0xc0,"43");
  14   1              //Cls();
  15   1              //while(1);
  16   1      
  17   1      }


MODULE INFORMATION:   STATIC OVERLAYABLE
   CODE SIZE        =     25    ----
   CONSTANT SIZE    =     15    ----
   XDATA SIZE       =   ----    ----
   PDATA SIZE       =   ----    ----
   DATA SIZE        =     17    ----
   IDATA SIZE       =   ----    ----
   BIT SIZE         =   ----    ----
END OF MODULE INFORMATION.


C51 COMPILATION COMPLETE.  0 WARNING(S),  0 ERROR(S)
